CONSOLE:> # set fan power supply to 16V
CONSOLE:> # ambient temp is 20.0 C
CONSOLE:> 
CONSOLE:> time
12358.91
CONSOLE:> tcsettemp 90 TC-CHC1-HC1
CONSOLE:> tcsettemp 4 TC-CHC1-HC2
CONSOLE:> tcsetstate auto TC-CHC1-HC1
CONSOLE:> tcsetstate auto TC-CHC1-HC2
CONSOLE:> ton
TC-CHC1-HC1: st A  s 90.0000  m 22.7131  e 67.2869  d 0.0000000  p 3364.3432617  i -99.1735535  o 262.7000
TC-CHC1-HC2: st A  s 4.0000  m 22.4253  e -18.4253  d 0.0000000  p -921.2639160  i 260.5289307  o -100.0000
TC-CHC1-HC1: st A  s 90.0000  m 22.7198  e 67.2802  d 0.0797394  p 3360.0231934  i -93.2168884  o 262.7000
TC-CHC1-HC2: st A  s 4.0000  m 22.4320  e -18.4320  d 0.0707642  p -925.1378784  i 254.5943909  o -100.0000
TC-CHC1-HC1: st A  s 90.0000  m 22.7198  e 67.2802  d 0.0617889  p 3360.9206543  i -87.3582764  o 262.7000
TC-CHC1-HC2: st A  s 4.0000  m 22.4320  e -18.4320  d 0.0548370  p -924.3414917  i 248.7575531  o -100.0000
TC-CHC1-HC1: st A  s 90.0000  m 22.7265  e 67.2735  d 0.1278839  p 3357.2819824  i -81.5960999  o 262.7000
TC-CHC1-HC2: st A  s 4.0000  m 22.4320  e -18.4320  d 0.0424896  p -923.7241821  i 243.0167847  o -100.0000
TC-CHC1-HC1: st A  s 90.0000  m 22.7265  e 67.2735  d 0.0990906  p 3358.7214355  i -75.9287720  o 262.7000
TC-CHC1-HC2: st A  s 4.0000  m 22.4387  e -18.4387  d 0.1034744  p -927.1080933  i 237.3705139  o -100.0000
TC-CHC1-HC1: st A  s 90.0000  m 22.7331  e 67.2669  d 0.1470017  p 3355.9929199  i -70.3547287  o 262.7000
TC-CHC1-HC2: st A  s 4.0000  m 22.4387  e -18.4